<?xml version="1.0" encoding="UTF-8"?>
<testng-results ignored="0" total="1" passed="1" failed="0" skipped="0">
  <reporter-output>
  </reporter-output>
  <suite started-at="2024-10-21T11:51:12 EEST" name="Surefire suite" finished-at="2024-10-21T11:51:22 EEST" duration-ms="10131">
    <groups>
      <group name="cucumber">
        <method signature="AbstractTestNGCucumberTests.runScenario(io.cucumber.testng.PickleWrapper,io.cucumber.testng.FeatureWrapper)[pri:0, instance:com.example.TestRunner@4fe767f3]" name="runScenario" class="io.cucumber.testng.AbstractTestNGCucumberTests"/>
      </group> <!-- cucumber -->
    </groups>
    <test started-at="2024-10-21T11:51:12 EEST" name="Surefire test" finished-at="2024-10-21T11:51:22 EEST" duration-ms="10131">
      <class name="com.example.TestRunner">
        <test-method is-config="true" signature="setUpClass(org.testng.ITestContext)[pri:0, instance:com.example.TestRunner@4fe767f3]" started-at="2024-10-21T11:51:12 EEST" name="setUpClass" finished-at="2024-10-21T11:51:14 EEST" duration-ms="1274" status="PASS">
          <params>
            <param index="0">
              <value>
                <![CDATA[org.testng.TestRunner@3913f206]]>
              </value>
            </param>
          </params>
          <reporter-output>
          </reporter-output>
        </test-method> <!-- setUpClass -->
        <test-method signature="runScenario(io.cucumber.testng.PickleWrapper,io.cucumber.testng.FeatureWrapper)[pri:0, instance:com.example.TestRunner@4fe767f3]" started-at="2024-10-21T11:51:14 EEST" name="runScenario" description="Runs Cucumber Scenarios" data-provider="scenarios" finished-at="2024-10-21T11:51:22 EEST" duration-ms="8750" status="PASS">
          <params>
            <param index="0">
              <value>
                <![CDATA["Complete purchase flow"]]>
              </value>
            </param>
            <param index="1">
              <value>
                <![CDATA["Sauce Demo E-commerce Functionality"]]>
              </value>
            </param>
          </params>
          <reporter-output>
          </reporter-output>
        </test-method> <!-- runScenario -->
        <test-method is-config="true" signature="tearDownClass()[pri:0, instance:com.example.TestRunner@4fe767f3]" started-at="2024-10-21T11:51:22 EEST" name="tearDownClass" finished-at="2024-10-21T11:51:22 EEST" duration-ms="44" status="PASS">
          <reporter-output>
          </reporter-output>
        </test-method> <!-- tearDownClass -->
      </class> <!-- com.example.TestRunner -->
    </test> <!-- Surefire test -->
  </suite> <!-- Surefire suite -->
</testng-results>
